[2026-01-09T11:05:57.616] error: TMPDIR [/tmp] is not writeable
[2026-01-09T11:05:57.616] error: Setting TMPDIR to /tmp
/home/e12511253/miniforge3/envs/brain2text/lib/python3.9/site-packages/torch/utils/cpp_extension.py:25: UserWarning: pkg_resources is deprecated as an API. See https://setuptools.pypa.io/en/latest/pkg_resources.html. The pkg_resources package is slated for removal as early as 2025-11-30. Refrain from using this package or pin to Setuptools<81.
  from pkg_resources import packaging  # type: ignore[attr-defined]
wandb: Currently logged in as: sergiolsantamaria (sergiolsantamaria-tu-wien) to https://api.wandb.ai. Use `wandb login --relogin` to force relogin
wandb: setting up run jpiph4gz
wandb: Tracking run with wandb version 0.23.1
wandb: Run data is saved locally in /home/e12511253/tmp/e12511253_b2t_351784/wandb/wandb/run-20260109_110608-jpiph4gz
wandb: Run `wandb offline` to turn off syncing.
wandb: Syncing run lr_0030
wandb: â­ï¸ View project at https://wandb.ai/sergiolsantamaria-tu-wien/brain2text
wandb: ðŸš€ View run at https://wandb.ai/sergiolsantamaria-tu-wien/brain2text/runs/jpiph4gz
WARNING: Logging before InitGoogleLogging() is written to STDERR
I0109 11:06:09.820683 168426 brain_speech_decoder.h:52] Reading fst /home/e12511253/Brain2Text/brain2text/references/nejm-brain-to-text/language_model/pretrained_language_models/languageModel/TLG.fst
I0109 11:07:28.222213 168426 brain_speech_decoder.h:58] Reading lm fst /home/e12511253/Brain2Text/brain2text/references/nejm-brain-to-text/language_model/pretrained_language_models/languageModel/TLG.fst
I0109 11:09:57.466058 168426 brain_speech_decoder.h:81] Reading symbol table /home/e12511253/Brain2Text/brain2text/references/nejm-brain-to-text/language_model/pretrained_language_models/languageModel/words.txt
/home/e12511253/miniforge3/envs/brain2text/lib/python3.9/site-packages/torch/optim/lr_scheduler.py:138: UserWarning: Detected call of `lr_scheduler.step()` before `optimizer.step()`. In PyTorch 1.1.0 and later, you should call them in the opposite order: `optimizer.step()` before `lr_scheduler.step()`.  Failure to do this will result in PyTorch skipping the first value of the learning rate schedule. See more details at https://pytorch.org/docs/stable/optim.html#how-to-adjust-learning-rate
  warnings.warn("Detected call of `lr_scheduler.step()` before `optimizer.step()`. "
wandb: updating run metadata
wandb: uploading output.log; uploading wandb-summary.json; uploading config.yaml
wandb: uploading config.yaml
wandb: 
wandb: Run history:
wandb:          lr/day â–‚â–ˆâ–ˆâ–ˆâ–ˆâ–ˆâ–ˆâ–ˆâ–ˆâ–‡â–‡â–‡â–‡â–‡â–‡â–†â–†â–†â–…â–…â–…â–…â–„â–„â–„â–„â–„â–ƒâ–ƒâ–ƒâ–ƒâ–ƒâ–‚â–‚â–‚â–‚â–â–â–â–
wandb:         lr/main â–ƒâ–ˆâ–ˆâ–ˆâ–ˆâ–ˆâ–‡â–‡â–‡â–‡â–†â–†â–…â–…â–…â–…â–…â–„â–„â–„â–ƒâ–ƒâ–ƒâ–ƒâ–ƒâ–‚â–‚â–‚â–‚â–‚â–â–â–â–â–â–â–â–â–â–
wandb: train/grad_norm â–ˆâ–‡â–†â–„â–…â–†â–†â–„â–…â–…â–„â–„â–…â–„â–„â–ƒâ–„â–„â–ƒâ–‚â–„â–„â–ƒâ–„â–ƒâ–‚â–…â–‚â–…â–„â–ƒâ–‚â–ƒâ–„â–„â–†â–„â–â–„â–„
wandb:      train/loss â–ˆâ–ƒâ–‚â–ƒâ–ƒâ–‚â–ƒâ–‚â–ƒâ–‚â–‚â–‚â–ƒâ–ƒâ–‚â–‚â–‚â–‚â–‚â–â–‚â–‚â–â–‚â–â–â–‚â–â–â–â–â–â–â–‚â–‚â–â–â–â–â–
wandb:         val/PER â–ˆâ–ƒâ–‚â–‚â–‚â–‚â–‚â–‚â–‚â–‚â–â–â–â–â–â–â–â–â–â–â–â–â–â–â–â–â–â–â–â–â–â–â–â–â–â–â–â–â–â–
wandb:         val/WER â–ˆâ–†â–…â–ƒâ–ƒâ–‚â–‚â–‚â–‚â–‚â–‚â–‚â–‚â–‚â–â–‚â–‚â–â–â–â–â–â–â–â–â–â–â–â–â–â–â–â–â–â–â–â–â–â–â–
wandb:        val/loss â–ˆâ–â–â–â–â–â–â–â–â–â–â–â–â–â–â–â–â–â–â–â–â–â–â–â–â–â–â–â–â–â–â–â–â–â–â–â–â–â–â–
wandb: 
wandb: Run summary:
wandb:          lr/day 0.0001
wandb:         lr/main 0.0001
wandb: train/grad_norm 55.27621
wandb:      train/loss 11.34926
wandb:         val/PER 0.166
wandb:         val/WER 15.25424
wandb:        val/loss 16.58772
wandb: 
wandb: ðŸš€ View run lr_0030 at: https://wandb.ai/sergiolsantamaria-tu-wien/brain2text/runs/jpiph4gz
wandb: â­ï¸ View project at: https://wandb.ai/sergiolsantamaria-tu-wien/brain2text
wandb: Synced 5 W&B file(s), 0 media file(s), 0 artifact file(s) and 0 other file(s)
wandb: Find logs at: /home/e12511253/tmp/e12511253_b2t_351784/wandb/wandb/run-20260109_110608-jpiph4gz/logs
/home/e12511253/miniforge3/envs/brain2text/lib/python3.9/site-packages/torch/utils/cpp_extension.py:25: UserWarning: pkg_resources is deprecated as an API. See https://setuptools.pypa.io/en/latest/pkg_resources.html. The pkg_resources package is slated for removal as early as 2025-11-30. Refrain from using this package or pin to Setuptools<81.
  from pkg_resources import packaging  # type: ignore[attr-defined]
wandb: Currently logged in as: sergiolsantamaria (sergiolsantamaria-tu-wien) to https://api.wandb.ai. Use `wandb login --relogin` to force relogin
wandb: setting up run 2jv0gel6
wandb: Tracking run with wandb version 0.23.1
wandb: Run data is saved locally in /home/e12511253/tmp/e12511253_b2t_351784/wandb/wandb/run-20260109_115756-2jv0gel6
wandb: Run `wandb offline` to turn off syncing.
wandb: Syncing run lr_0035
wandb: â­ï¸ View project at https://wandb.ai/sergiolsantamaria-tu-wien/brain2text
wandb: ðŸš€ View run at https://wandb.ai/sergiolsantamaria-tu-wien/brain2text/runs/2jv0gel6
WARNING: Logging before InitGoogleLogging() is written to STDERR
I0109 11:57:57.731726 175788 brain_speech_decoder.h:52] Reading fst /home/e12511253/Brain2Text/brain2text/references/nejm-brain-to-text/language_model/pretrained_language_models/languageModel/TLG.fst
I0109 11:59:16.997335 175788 brain_speech_decoder.h:58] Reading lm fst /home/e12511253/Brain2Text/brain2text/references/nejm-brain-to-text/language_model/pretrained_language_models/languageModel/TLG.fst
I0109 12:01:46.842783 175788 brain_speech_decoder.h:81] Reading symbol table /home/e12511253/Brain2Text/brain2text/references/nejm-brain-to-text/language_model/pretrained_language_models/languageModel/words.txt
/home/e12511253/miniforge3/envs/brain2text/lib/python3.9/site-packages/torch/optim/lr_scheduler.py:138: UserWarning: Detected call of `lr_scheduler.step()` before `optimizer.step()`. In PyTorch 1.1.0 and later, you should call them in the opposite order: `optimizer.step()` before `lr_scheduler.step()`.  Failure to do this will result in PyTorch skipping the first value of the learning rate schedule. See more details at https://pytorch.org/docs/stable/optim.html#how-to-adjust-learning-rate
  warnings.warn("Detected call of `lr_scheduler.step()` before `optimizer.step()`. "
