[2026-01-13T21:38:56.591] error: TMPDIR [/tmp] is not writeable
[2026-01-13T21:38:56.592] error: Setting TMPDIR to /tmp
/home/e12511253/miniforge3/envs/brain2text/lib/python3.9/site-packages/torch/utils/cpp_extension.py:25: UserWarning: pkg_resources is deprecated as an API. See https://setuptools.pypa.io/en/latest/pkg_resources.html. The pkg_resources package is slated for removal as early as 2025-11-30. Refrain from using this package or pin to Setuptools<81.
  from pkg_resources import packaging  # type: ignore[attr-defined]
wandb: Currently logged in as: sergiolsantamaria (sergiolsantamaria-tu-wien) to https://api.wandb.ai. Use `wandb login --relogin` to force relogin
wandb: setting up run 2h7qtp8n
wandb: Tracking run with wandb version 0.23.1
wandb: Run data is saved locally in /home/e12511253/tmp/e12511253_b2t_355548/wandb/wandb/run-20260113_213906-2h7qtp8n
wandb: Run `wandb offline` to turn off syncing.
wandb: Syncing run diphone_40k
wandb: â­ï¸ View project at https://wandb.ai/sergiolsantamaria-tu-wien/brain2text
wandb: ðŸš€ View run at https://wandb.ai/sergiolsantamaria-tu-wien/brain2text/runs/2h7qtp8n
WARNING: Logging before InitGoogleLogging() is written to STDERR
I0113 21:39:07.840610 438296 brain_speech_decoder.h:52] Reading fst /home/e12511253/Brain2Text/brain2text/references/nejm-brain-to-text/language_model/pretrained_language_models/languageModel/TLG.fst
I0113 21:40:28.327744 438296 brain_speech_decoder.h:58] Reading lm fst /home/e12511253/Brain2Text/brain2text/references/nejm-brain-to-text/language_model/pretrained_language_models/languageModel/TLG.fst
I0113 21:42:47.556213 438296 brain_speech_decoder.h:81] Reading symbol table /home/e12511253/Brain2Text/brain2text/references/nejm-brain-to-text/language_model/pretrained_language_models/languageModel/words.txt
/home/e12511253/miniforge3/envs/brain2text/lib/python3.9/site-packages/torch/optim/lr_scheduler.py:138: UserWarning: Detected call of `lr_scheduler.step()` before `optimizer.step()`. In PyTorch 1.1.0 and later, you should call them in the opposite order: `optimizer.step()` before `lr_scheduler.step()`.  Failure to do this will result in PyTorch skipping the first value of the learning rate schedule. See more details at https://pytorch.org/docs/stable/optim.html#how-to-adjust-learning-rate
  warnings.warn("Detected call of `lr_scheduler.step()` before `optimizer.step()`. "
wandb: updating run metadata
wandb: updating run metadata; uploading output.log; uploading wandb-summary.json
wandb: uploading config.yaml
wandb: 
wandb: Run history:
wandb:          lr/day â–ˆâ–ˆâ–ˆâ–ˆâ–ˆâ–‡â–‡â–‡â–‡â–‡â–‡â–‡â–‡â–‡â–‡â–†â–†â–†â–†â–†â–†â–…â–…â–…â–„â–„â–„â–„â–ƒâ–ƒâ–ƒâ–ƒâ–ƒâ–‚â–â–â–â–â–â–
wandb:         lr/main â–‚â–ˆâ–ˆâ–ˆâ–ˆâ–ˆâ–ˆâ–‡â–‡â–‡â–‡â–‡â–†â–†â–†â–†â–†â–†â–…â–…â–…â–…â–…â–…â–„â–„â–„â–„â–ƒâ–ƒâ–ƒâ–‚â–‚â–â–â–â–â–â–â–
wandb: train/grad_norm â–ˆâ–‡â–†â–†â–„â–…â–„â–„â–„â–ƒâ–„â–ƒâ–ƒâ–ƒâ–ƒâ–ƒâ–ƒâ–ƒâ–‚â–‚â–‚â–â–‚â–‚â–‚â–‚â–‚â–â–‚â–â–â–‚â–‚â–‚â–‚â–‚â–‚â–â–â–
wandb:      train/loss â–ˆâ–ˆâ–ˆâ–ˆâ–…â–‚â–‚â–‚â–‚â–‚â–â–‚â–â–â–â–â–â–â–â–â–â–â–â–â–â–â–â–â–â–â–â–â–â–â–â–â–â–â–â–
wandb:         val/PER â–ˆâ–†â–…â–ƒâ–ƒâ–‚â–‚â–‚â–‚â–‚â–‚â–â–â–â–â–â–â–â–â–â–â–â–â–â–â–â–â–â–â–â–â–â–â–â–â–â–â–â–â–
wandb:         val/WER â–ˆâ–„â–‚â–â–â–â–â–â–â–â–â–â–â–â–â–â–â–â–â–â–â–â–â–â–â–â–â–â–â–â–â–â–â–â–â–â–â–â–â–
wandb:        val/loss â–ˆâ–â–â–â–â–â–â–â–â–â–â–â–â–â–â–â–â–â–â–â–â–â–â–â–â–â–â–â–â–â–â–â–â–â–â–â–â–â–â–
wandb: 
wandb: Run summary:
wandb:          lr/day 0.00013
wandb:         lr/main 0.00013
wandb: train/grad_norm 6.47089
wandb:      train/loss 0.08329
wandb:         val/PER 0.10012
wandb:         val/WER 19.6219
wandb:        val/loss 19.61683
wandb: 
wandb: ðŸš€ View run diphone_40k at: https://wandb.ai/sergiolsantamaria-tu-wien/brain2text/runs/2h7qtp8n
wandb: â­ï¸ View project at: https://wandb.ai/sergiolsantamaria-tu-wien/brain2text
wandb: Synced 5 W&B file(s), 0 media file(s), 0 artifact file(s) and 0 other file(s)
wandb: Find logs at: /home/e12511253/tmp/e12511253_b2t_355548/wandb/wandb/run-20260113_213906-2h7qtp8n/logs
/home/e12511253/miniforge3/envs/brain2text/lib/python3.9/site-packages/torch/utils/cpp_extension.py:25: UserWarning: pkg_resources is deprecated as an API. See https://setuptools.pypa.io/en/latest/pkg_resources.html. The pkg_resources package is slated for removal as early as 2025-11-30. Refrain from using this package or pin to Setuptools<81.
  from pkg_resources import packaging  # type: ignore[attr-defined]
wandb: Currently logged in as: sergiolsantamaria (sergiolsantamaria-tu-wien) to https://api.wandb.ai. Use `wandb login --relogin` to force relogin
wandb: setting up run 54vyrj1g
wandb: Tracking run with wandb version 0.23.1
wandb: Run data is saved locally in /home/e12511253/tmp/e12511253_b2t_355548/wandb/wandb/run-20260114_012319-54vyrj1g
wandb: Run `wandb offline` to turn off syncing.
wandb: Syncing run diphone_40k
wandb: â­ï¸ View project at https://wandb.ai/sergiolsantamaria-tu-wien/brain2text
wandb: ðŸš€ View run at https://wandb.ai/sergiolsantamaria-tu-wien/brain2text/runs/54vyrj1g
WARNING: Logging before InitGoogleLogging() is written to STDERR
I0114 01:23:26.076143 2188090 brain_speech_decoder.h:52] Reading fst /home/e12511253/Brain2Text/brain2text/references/nejm-brain-to-text/language_model/pretrained_language_models/languageModel/TLG.fst
I0114 01:24:45.630972 2188090 brain_speech_decoder.h:58] Reading lm fst /home/e12511253/Brain2Text/brain2text/references/nejm-brain-to-text/language_model/pretrained_language_models/languageModel/TLG.fst
I0114 01:27:13.461508 2188090 brain_speech_decoder.h:81] Reading symbol table /home/e12511253/Brain2Text/brain2text/references/nejm-brain-to-text/language_model/pretrained_language_models/languageModel/words.txt
/home/e12511253/miniforge3/envs/brain2text/lib/python3.9/site-packages/torch/optim/lr_scheduler.py:138: UserWarning: Detected call of `lr_scheduler.step()` before `optimizer.step()`. In PyTorch 1.1.0 and later, you should call them in the opposite order: `optimizer.step()` before `lr_scheduler.step()`.  Failure to do this will result in PyTorch skipping the first value of the learning rate schedule. See more details at https://pytorch.org/docs/stable/optim.html#how-to-adjust-learning-rate
  warnings.warn("Detected call of `lr_scheduler.step()` before `optimizer.step()`. "
