[2026-01-10T06:40:49.397] error: TMPDIR [/tmp] is not writeable
[2026-01-10T06:40:49.397] error: Setting TMPDIR to /tmp
/home/e12511253/miniforge3/envs/brain2text/lib/python3.9/site-packages/torch/utils/cpp_extension.py:25: UserWarning: pkg_resources is deprecated as an API. See https://setuptools.pypa.io/en/latest/pkg_resources.html. The pkg_resources package is slated for removal as early as 2025-11-30. Refrain from using this package or pin to Setuptools<81.
  from pkg_resources import packaging  # type: ignore[attr-defined]
wandb: Currently logged in as: sergiolsantamaria (sergiolsantamaria-tu-wien) to https://api.wandb.ai. Use `wandb login --relogin` to force relogin
wandb: setting up run 2747dm8z
wandb: Tracking run with wandb version 0.23.1
wandb: Run data is saved locally in /home/e12511253/tmp/e12511253_b2t_352233/wandb/wandb/run-20260110_064100-2747dm8z
wandb: Run `wandb offline` to turn off syncing.
wandb: Syncing run lr_0035
wandb: â­ï¸ View project at https://wandb.ai/sergiolsantamaria-tu-wien/brain2text
wandb: ðŸš€ View run at https://wandb.ai/sergiolsantamaria-tu-wien/brain2text/runs/2747dm8z
WARNING: Logging before InitGoogleLogging() is written to STDERR
I0110 06:41:01.443672 317102 brain_speech_decoder.h:52] Reading fst /home/e12511253/Brain2Text/brain2text/references/nejm-brain-to-text/language_model/pretrained_language_models/languageModel/TLG.fst
I0110 06:42:19.348881 317102 brain_speech_decoder.h:58] Reading lm fst /home/e12511253/Brain2Text/brain2text/references/nejm-brain-to-text/language_model/pretrained_language_models/languageModel/TLG.fst
I0110 06:44:47.479521 317102 brain_speech_decoder.h:81] Reading symbol table /home/e12511253/Brain2Text/brain2text/references/nejm-brain-to-text/language_model/pretrained_language_models/languageModel/words.txt
/home/e12511253/miniforge3/envs/brain2text/lib/python3.9/site-packages/torch/optim/lr_scheduler.py:138: UserWarning: Detected call of `lr_scheduler.step()` before `optimizer.step()`. In PyTorch 1.1.0 and later, you should call them in the opposite order: `optimizer.step()` before `lr_scheduler.step()`.  Failure to do this will result in PyTorch skipping the first value of the learning rate schedule. See more details at https://pytorch.org/docs/stable/optim.html#how-to-adjust-learning-rate
  warnings.warn("Detected call of `lr_scheduler.step()` before `optimizer.step()`. "
wandb: updating run metadata
wandb: uploading output.log; uploading wandb-summary.json
wandb: uploading config.yaml
wandb: 
wandb: Run history:
wandb:          lr/day â–†â–ˆâ–ˆâ–ˆâ–ˆâ–‡â–‡â–‡â–‡â–‡â–†â–†â–†â–†â–†â–…â–…â–…â–„â–„â–„â–„â–„â–ƒâ–ƒâ–ƒâ–ƒâ–ƒâ–ƒâ–‚â–‚â–‚â–‚â–â–â–â–â–â–â–
wandb:         lr/main â–ˆâ–ˆâ–ˆâ–ˆâ–ˆâ–‡â–‡â–‡â–‡â–‡â–‡â–‡â–†â–†â–…â–…â–…â–„â–„â–ƒâ–ƒâ–ƒâ–ƒâ–ƒâ–ƒâ–ƒâ–ƒâ–ƒâ–‚â–‚â–‚â–‚â–‚â–‚â–â–â–â–â–â–
wandb: train/grad_norm â–ˆâ–ˆâ–…â–†â–…â–„â–…â–†â–„â–„â–ƒâ–…â–…â–ƒâ–‚â–‡â–ƒâ–„â–‡â–â–ƒâ–„â–„â–…â–ƒâ–„â–â–‚â–â–„â–„â–ƒâ–ƒâ–ƒâ–ƒâ–ƒâ–‚â–„â–ƒâ–‚
wandb:      train/loss â–ˆâ–†â–„â–„â–„â–„â–„â–‚â–ƒâ–‚â–‚â–ƒâ–‚â–‚â–ƒâ–‚â–‚â–‚â–‚â–‚â–â–‚â–‚â–‚â–‚â–‚â–‚â–‚â–‚â–â–‚â–‚â–â–â–‚â–â–‚â–â–â–
wandb:         val/PER â–ˆâ–ƒâ–‚â–‚â–‚â–‚â–‚â–‚â–‚â–‚â–â–â–â–â–â–â–â–â–â–â–â–â–â–â–â–â–â–â–â–â–â–â–â–â–â–â–â–â–â–
wandb:         val/WER â–ˆâ–†â–…â–ƒâ–‚â–‚â–‚â–‚â–‚â–‚â–‚â–‚â–‚â–â–â–â–â–â–â–â–â–â–â–â–â–â–â–â–â–â–â–â–â–â–â–â–â–â–â–
wandb:        val/loss â–ˆâ–â–â–â–â–â–â–â–â–â–â–â–â–â–â–â–â–â–â–â–â–â–â–â–â–â–â–â–â–â–â–â–â–â–â–â–â–â–â–
wandb: 
wandb: Run summary:
wandb:          lr/day 0.0001
wandb:         lr/main 0.0001
wandb: train/grad_norm 51.35759
wandb:      train/loss 9.02558
wandb:         val/PER 0.15416
wandb:         val/WER 15.51499
wandb:        val/loss 15.70118
wandb: 
wandb: ðŸš€ View run lr_0035 at: https://wandb.ai/sergiolsantamaria-tu-wien/brain2text/runs/2747dm8z
wandb: â­ï¸ View project at: https://wandb.ai/sergiolsantamaria-tu-wien/brain2text
wandb: Synced 5 W&B file(s), 0 media file(s), 0 artifact file(s) and 0 other file(s)
wandb: Find logs at: /home/e12511253/tmp/e12511253_b2t_352233/wandb/wandb/run-20260110_064100-2747dm8z/logs
/home/e12511253/miniforge3/envs/brain2text/lib/python3.9/site-packages/torch/utils/cpp_extension.py:25: UserWarning: pkg_resources is deprecated as an API. See https://setuptools.pypa.io/en/latest/pkg_resources.html. The pkg_resources package is slated for removal as early as 2025-11-30. Refrain from using this package or pin to Setuptools<81.
  from pkg_resources import packaging  # type: ignore[attr-defined]
wandb: Currently logged in as: sergiolsantamaria (sergiolsantamaria-tu-wien) to https://api.wandb.ai. Use `wandb login --relogin` to force relogin
wandb: setting up run 3d1wcbab
wandb: Tracking run with wandb version 0.23.1
wandb: Run data is saved locally in /home/e12511253/tmp/e12511253_b2t_352233/wandb/wandb/run-20260110_073759-3d1wcbab
wandb: Run `wandb offline` to turn off syncing.
wandb: Syncing run lr_0045
wandb: â­ï¸ View project at https://wandb.ai/sergiolsantamaria-tu-wien/brain2text
wandb: ðŸš€ View run at https://wandb.ai/sergiolsantamaria-tu-wien/brain2text/runs/3d1wcbab
WARNING: Logging before InitGoogleLogging() is written to STDERR
I0110 07:38:01.021004 323932 brain_speech_decoder.h:52] Reading fst /home/e12511253/Brain2Text/brain2text/references/nejm-brain-to-text/language_model/pretrained_language_models/languageModel/TLG.fst
I0110 07:39:18.921070 323932 brain_speech_decoder.h:58] Reading lm fst /home/e12511253/Brain2Text/brain2text/references/nejm-brain-to-text/language_model/pretrained_language_models/languageModel/TLG.fst
I0110 07:41:49.219610 323932 brain_speech_decoder.h:81] Reading symbol table /home/e12511253/Brain2Text/brain2text/references/nejm-brain-to-text/language_model/pretrained_language_models/languageModel/words.txt
/home/e12511253/miniforge3/envs/brain2text/lib/python3.9/site-packages/torch/optim/lr_scheduler.py:138: UserWarning: Detected call of `lr_scheduler.step()` before `optimizer.step()`. In PyTorch 1.1.0 and later, you should call them in the opposite order: `optimizer.step()` before `lr_scheduler.step()`.  Failure to do this will result in PyTorch skipping the first value of the learning rate schedule. See more details at https://pytorch.org/docs/stable/optim.html#how-to-adjust-learning-rate
  warnings.warn("Detected call of `lr_scheduler.step()` before `optimizer.step()`. "
wandb: updating run metadata
wandb: uploading output.log; uploading wandb-summary.json; uploading config.yaml
wandb: uploading history steps 19999-19999, summary, console lines 2226-2271
wandb: 
wandb: Run history:
wandb:          lr/day â–‚â–„â–…â–ˆâ–ˆâ–ˆâ–ˆâ–ˆâ–ˆâ–ˆâ–‡â–‡â–‡â–‡â–‡â–‡â–‡â–†â–†â–†â–…â–…â–„â–„â–„â–„â–ƒâ–ƒâ–ƒâ–ƒâ–ƒâ–‚â–‚â–‚â–‚â–â–â–â–â–
wandb:         lr/main â–ƒâ–…â–ˆâ–ˆâ–ˆâ–ˆâ–ˆâ–ˆâ–‡â–‡â–‡â–‡â–†â–†â–†â–…â–…â–…â–…â–…â–…â–„â–„â–„â–„â–ƒâ–ƒâ–ƒâ–ƒâ–ƒâ–‚â–‚â–‚â–‚â–‚â–â–â–â–â–
wandb: train/grad_norm â–ˆâ–â–â–â–â–â–â–â–â–â–â–â–â–â–â–â–â–â–â–â–â–â–â–â–â–â–â–â–â–â–â–â–â–â–â–â–â–â–â–
wandb:      train/loss â–†â–ˆâ–†â–ˆâ–†â–†â–…â–ƒâ–ƒâ–ƒâ–ƒâ–ƒâ–ƒâ–‚â–‚â–‚â–ƒâ–‚â–â–‚â–‚â–â–‚â–‚â–â–‚â–‚â–‚â–â–â–‚â–â–â–â–ƒâ–â–â–‚â–â–‚
wandb:         val/PER â–ˆâ–ƒâ–ƒâ–‚â–‚â–‚â–‚â–‚â–‚â–‚â–â–â–â–â–â–â–â–â–â–â–â–â–â–â–â–â–â–â–â–â–â–â–â–â–â–â–â–â–â–
wandb:         val/WER â–‡â–‡â–ˆâ–‡â–‡â–†â–…â–„â–ƒâ–„â–ƒâ–ƒâ–„â–‚â–‚â–‚â–‚â–‚â–‚â–â–â–â–â–â–‚â–â–â–â–â–â–â–â–â–â–â–â–â–â–â–
wandb:        val/loss â–ˆâ–â–â–â–â–â–â–â–â–â–â–â–â–â–â–â–â–â–â–â–â–â–â–â–â–â–â–â–â–â–â–â–â–â–â–â–â–â–â–
wandb: 
wandb: Run summary:
wandb:          lr/day 0.00015
wandb:         lr/main 0.00015
wandb: train/grad_norm 42.41576
wandb:      train/loss 6.51857
wandb:         val/PER 0.13708
wandb:         val/WER 29.20469
wandb:        val/loss 14.40616
wandb: 
wandb: ðŸš€ View run lr_0045 at: https://wandb.ai/sergiolsantamaria-tu-wien/brain2text/runs/3d1wcbab
wandb: â­ï¸ View project at: https://wandb.ai/sergiolsantamaria-tu-wien/brain2text
wandb: Synced 5 W&B file(s), 0 media file(s), 0 artifact file(s) and 0 other file(s)
wandb: Find logs at: /home/e12511253/tmp/e12511253_b2t_352233/wandb/wandb/run-20260110_073759-3d1wcbab/logs
