/home/e12511253/miniforge3/envs/brain2text/lib/python3.9/site-packages/torch/utils/cpp_extension.py:25: UserWarning: pkg_resources is deprecated as an API. See https://setuptools.pypa.io/en/latest/pkg_resources.html. The pkg_resources package is slated for removal as early as 2025-11-30. Refrain from using this package or pin to Setuptools<81.
  from pkg_resources import packaging  # type: ignore[attr-defined]
wandb: Currently logged in as: sergiolsantamaria (sergiolsantamaria-tu-wien) to https://api.wandb.ai. Use `wandb login --relogin` to force relogin
wandb: setting up run g78ljbjp
wandb: Tracking run with wandb version 0.23.1
wandb: Run data is saved locally in /tmp/e12511253_b2t_348736/wandb/wandb/run-20260104_121152-g78ljbjp
wandb: Run `wandb offline` to turn off syncing.
wandb: Syncing run wd1e-3
wandb: â­ï¸ View project at https://wandb.ai/sergiolsantamaria-tu-wien/brain2text
wandb: ðŸš€ View run at https://wandb.ai/sergiolsantamaria-tu-wien/brain2text/runs/g78ljbjp
WARNING: Logging before InitGoogleLogging() is written to STDERR
I0104 12:11:53.635690 1502503 brain_speech_decoder.h:52] Reading fst /home/e12511253/Brain2Text/brain2text/references/nejm-brain-to-text/language_model/pretrained_language_models/openwebtext_1gram_lm_sil/TLG.fst
I0104 12:11:53.676440 1502503 brain_speech_decoder.h:58] Reading lm fst /home/e12511253/Brain2Text/brain2text/references/nejm-brain-to-text/language_model/pretrained_language_models/openwebtext_1gram_lm_sil/TLG.fst
I0104 12:11:53.743911 1502503 brain_speech_decoder.h:81] Reading symbol table /home/e12511253/Brain2Text/brain2text/references/nejm-brain-to-text/language_model/pretrained_language_models/openwebtext_1gram_lm_sil/words.txt
/home/e12511253/miniforge3/envs/brain2text/lib/python3.9/site-packages/torch/optim/lr_scheduler.py:138: UserWarning: Detected call of `lr_scheduler.step()` before `optimizer.step()`. In PyTorch 1.1.0 and later, you should call them in the opposite order: `optimizer.step()` before `lr_scheduler.step()`.  Failure to do this will result in PyTorch skipping the first value of the learning rate schedule. See more details at https://pytorch.org/docs/stable/optim.html#how-to-adjust-learning-rate
  warnings.warn("Detected call of `lr_scheduler.step()` before `optimizer.step()`. "
wandb: updating run metadata
wandb: uploading output.log; uploading wandb-summary.json; uploading config.yaml
wandb: uploading config.yaml
wandb: 
wandb: Run history:
wandb:          lr/day â–‚â–‡â–ˆâ–ˆâ–ˆâ–ˆâ–ˆâ–ˆâ–‡â–‡â–‡â–‡â–‡â–‡â–‡â–†â–†â–†â–†â–…â–…â–…â–„â–„â–„â–ƒâ–ƒâ–ƒâ–ƒâ–ƒâ–‚â–‚â–‚â–‚â–‚â–â–â–â–â–
wandb:         lr/main â–„â–ˆâ–ˆâ–ˆâ–ˆâ–ˆâ–ˆâ–ˆâ–ˆâ–ˆâ–‡â–‡â–‡â–‡â–†â–†â–†â–†â–†â–…â–…â–…â–…â–…â–„â–„â–„â–„â–ƒâ–ƒâ–ƒâ–‚â–‚â–‚â–‚â–â–â–â–â–
wandb: train/grad_norm â–ˆâ–†â–…â–„â–„â–†â–ƒâ–„â–ƒâ–ƒâ–ƒâ–‚â–„â–ƒâ–ƒâ–ƒâ–ƒâ–„â–‚â–ƒâ–ƒâ–ƒâ–‚â–â–ƒâ–‚â–‚â–ƒâ–‚â–â–ƒâ–‚â–ƒâ–‚â–‚â–ƒâ–‚â–â–â–
wandb:      train/loss â–ˆâ–†â–†â–„â–„â–ƒâ–„â–ƒâ–‚â–‚â–‚â–‚â–ƒâ–‚â–‚â–‚â–‚â–â–‚â–â–â–â–â–‚â–â–‚â–â–‚â–â–â–â–â–‚â–â–â–â–â–â–â–‚
wandb:         val/PER â–ˆâ–ƒâ–‚â–‚â–‚â–‚â–‚â–‚â–‚â–‚â–â–â–â–â–â–â–â–â–â–â–â–â–â–â–â–â–â–â–â–â–â–â–â–â–â–â–â–â–â–
wandb:         val/WER â–ˆâ–‡â–†â–…â–„â–„â–„â–„â–„â–ƒâ–ƒâ–ƒâ–ƒâ–‚â–‚â–‚â–‚â–‚â–‚â–‚â–‚â–‚â–‚â–‚â–‚â–‚â–â–‚â–â–â–â–â–â–â–â–â–â–â–â–
wandb:        val/loss â–ˆâ–â–â–â–â–â–â–â–â–â–â–â–â–â–â–â–â–â–â–â–â–â–â–â–â–â–â–â–â–â–â–â–â–â–â–â–â–â–â–
wandb: 
wandb: Run summary:
wandb:          lr/day 0.00013
wandb:         lr/main 0.00013
wandb: train/grad_norm 48.14071
wandb:      train/loss 7.75403
wandb:         val/PER 0.14674
wandb:         val/WER 45.43147
wandb:        val/loss 15.00362
wandb: 
wandb: ðŸš€ View run wd1e-3 at: https://wandb.ai/sergiolsantamaria-tu-wien/brain2text/runs/g78ljbjp
wandb: â­ï¸ View project at: https://wandb.ai/sergiolsantamaria-tu-wien/brain2text
wandb: Synced 5 W&B file(s), 0 media file(s), 0 artifact file(s) and 0 other file(s)
wandb: Find logs at: /tmp/e12511253_b2t_348736/wandb/wandb/run-20260104_121152-g78ljbjp/logs
/home/e12511253/miniforge3/envs/brain2text/lib/python3.9/site-packages/torch/utils/cpp_extension.py:25: UserWarning: pkg_resources is deprecated as an API. See https://setuptools.pypa.io/en/latest/pkg_resources.html. The pkg_resources package is slated for removal as early as 2025-11-30. Refrain from using this package or pin to Setuptools<81.
  from pkg_resources import packaging  # type: ignore[attr-defined]
wandb: Currently logged in as: sergiolsantamaria (sergiolsantamaria-tu-wien) to https://api.wandb.ai. Use `wandb login --relogin` to force relogin
wandb: setting up run m59uqkcv
wandb: Tracking run with wandb version 0.23.1
wandb: Run data is saved locally in /tmp/e12511253_b2t_348736/wandb/wandb/run-20260104_125407-m59uqkcv
wandb: Run `wandb offline` to turn off syncing.
wandb: Syncing run wd1e-4
wandb: â­ï¸ View project at https://wandb.ai/sergiolsantamaria-tu-wien/brain2text
wandb: ðŸš€ View run at https://wandb.ai/sergiolsantamaria-tu-wien/brain2text/runs/m59uqkcv
WARNING: Logging before InitGoogleLogging() is written to STDERR
I0104 12:54:08.861724 1512536 brain_speech_decoder.h:52] Reading fst /home/e12511253/Brain2Text/brain2text/references/nejm-brain-to-text/language_model/pretrained_language_models/openwebtext_1gram_lm_sil/TLG.fst
I0104 12:54:08.906675 1512536 brain_speech_decoder.h:58] Reading lm fst /home/e12511253/Brain2Text/brain2text/references/nejm-brain-to-text/language_model/pretrained_language_models/openwebtext_1gram_lm_sil/TLG.fst
I0104 12:54:08.974570 1512536 brain_speech_decoder.h:81] Reading symbol table /home/e12511253/Brain2Text/brain2text/references/nejm-brain-to-text/language_model/pretrained_language_models/openwebtext_1gram_lm_sil/words.txt
/home/e12511253/miniforge3/envs/brain2text/lib/python3.9/site-packages/torch/optim/lr_scheduler.py:138: UserWarning: Detected call of `lr_scheduler.step()` before `optimizer.step()`. In PyTorch 1.1.0 and later, you should call them in the opposite order: `optimizer.step()` before `lr_scheduler.step()`.  Failure to do this will result in PyTorch skipping the first value of the learning rate schedule. See more details at https://pytorch.org/docs/stable/optim.html#how-to-adjust-learning-rate
  warnings.warn("Detected call of `lr_scheduler.step()` before `optimizer.step()`. "
wandb: updating run metadata
wandb: uploading output.log; uploading wandb-summary.json; uploading config.yaml
wandb: uploading history steps 19973-19999, summary, console lines 2262-2315
wandb: 
wandb: Run history:
wandb:          lr/day â–ƒâ–ˆâ–ˆâ–ˆâ–ˆâ–ˆâ–ˆâ–ˆâ–ˆâ–ˆâ–‡â–‡â–‡â–‡â–‡â–‡â–†â–†â–†â–†â–…â–…â–…â–ƒâ–ƒâ–ƒâ–‚â–‚â–‚â–‚â–â–â–â–â–â–â–â–â–â–
wandb:         lr/main â–ƒâ–ˆâ–ˆâ–ˆâ–ˆâ–ˆâ–ˆâ–ˆâ–‡â–‡â–‡â–†â–†â–†â–†â–†â–…â–…â–…â–…â–…â–…â–„â–„â–ƒâ–ƒâ–ƒâ–ƒâ–ƒâ–‚â–‚â–‚â–‚â–‚â–‚â–â–â–â–â–
wandb: train/grad_norm â–…â–ˆâ–…â–„â–ƒâ–ƒâ–ƒâ–„â–ƒâ–ƒâ–ƒâ–ƒâ–ƒâ–‚â–‚â–ƒâ–‚â–ƒâ–ƒâ–ƒâ–‚â–‚â–‚â–‚â–‚â–ƒâ–â–ƒâ–‚â–‚â–â–‚â–‚â–‚â–‚â–â–‚â–â–‚â–‚
wandb:      train/loss â–ˆâ–†â–…â–„â–„â–„â–ƒâ–ƒâ–ƒâ–ƒâ–ƒâ–‚â–‚â–ƒâ–‚â–ƒâ–‚â–â–‚â–‚â–‚â–â–‚â–‚â–â–‚â–‚â–â–‚â–â–â–â–‚â–â–‚â–‚â–‚â–â–â–
wandb:         val/PER â–ˆâ–ƒâ–‚â–‚â–‚â–‚â–‚â–‚â–‚â–‚â–â–â–â–â–â–â–â–â–â–â–â–â–â–â–â–â–â–â–â–â–â–â–â–â–â–â–â–â–â–
wandb:         val/WER â–ˆâ–‡â–†â–…â–„â–„â–„â–„â–ƒâ–ƒâ–ƒâ–ƒâ–ƒâ–‚â–‚â–ƒâ–‚â–‚â–‚â–‚â–‚â–‚â–‚â–‚â–‚â–‚â–â–â–â–‚â–â–â–â–â–â–â–â–â–â–
wandb:        val/loss â–ˆâ–â–â–â–â–â–â–â–â–â–â–â–â–â–â–â–â–â–â–â–â–â–â–â–â–â–â–â–â–â–â–â–â–â–â–â–â–â–â–
wandb: 
wandb: Run summary:
wandb:          lr/day 0.00013
wandb:         lr/main 0.00013
wandb: train/grad_norm 45.5538
wandb:      train/loss 7.32818
wandb:         val/PER 0.14447
wandb:         val/WER 46.19289
wandb:        val/loss 14.93778
wandb: 
wandb: ðŸš€ View run wd1e-4 at: https://wandb.ai/sergiolsantamaria-tu-wien/brain2text/runs/m59uqkcv
wandb: â­ï¸ View project at: https://wandb.ai/sergiolsantamaria-tu-wien/brain2text
wandb: Synced 5 W&B file(s), 0 media file(s), 0 artifact file(s) and 0 other file(s)
wandb: Find logs at: /tmp/e12511253_b2t_348736/wandb/wandb/run-20260104_125407-m59uqkcv/logs
/home/e12511253/miniforge3/envs/brain2text/lib/python3.9/site-packages/torch/utils/cpp_extension.py:25: UserWarning: pkg_resources is deprecated as an API. See https://setuptools.pypa.io/en/latest/pkg_resources.html. The pkg_resources package is slated for removal as early as 2025-11-30. Refrain from using this package or pin to Setuptools<81.
  from pkg_resources import packaging  # type: ignore[attr-defined]
wandb: Currently logged in as: sergiolsantamaria (sergiolsantamaria-tu-wien) to https://api.wandb.ai. Use `wandb login --relogin` to force relogin
wandb: setting up run 95dmg9br
wandb: Tracking run with wandb version 0.23.1
wandb: Run data is saved locally in /tmp/e12511253_b2t_348736/wandb/wandb/run-20260104_133614-95dmg9br
wandb: Run `wandb offline` to turn off syncing.
wandb: Syncing run wd1e-5
wandb: â­ï¸ View project at https://wandb.ai/sergiolsantamaria-tu-wien/brain2text
wandb: ðŸš€ View run at https://wandb.ai/sergiolsantamaria-tu-wien/brain2text/runs/95dmg9br
WARNING: Logging before InitGoogleLogging() is written to STDERR
I0104 13:36:15.401072 1524177 brain_speech_decoder.h:52] Reading fst /home/e12511253/Brain2Text/brain2text/references/nejm-brain-to-text/language_model/pretrained_language_models/openwebtext_1gram_lm_sil/TLG.fst
I0104 13:36:15.442410 1524177 brain_speech_decoder.h:58] Reading lm fst /home/e12511253/Brain2Text/brain2text/references/nejm-brain-to-text/language_model/pretrained_language_models/openwebtext_1gram_lm_sil/TLG.fst
I0104 13:36:15.512121 1524177 brain_speech_decoder.h:81] Reading symbol table /home/e12511253/Brain2Text/brain2text/references/nejm-brain-to-text/language_model/pretrained_language_models/openwebtext_1gram_lm_sil/words.txt
/home/e12511253/miniforge3/envs/brain2text/lib/python3.9/site-packages/torch/optim/lr_scheduler.py:138: UserWarning: Detected call of `lr_scheduler.step()` before `optimizer.step()`. In PyTorch 1.1.0 and later, you should call them in the opposite order: `optimizer.step()` before `lr_scheduler.step()`.  Failure to do this will result in PyTorch skipping the first value of the learning rate schedule. See more details at https://pytorch.org/docs/stable/optim.html#how-to-adjust-learning-rate
  warnings.warn("Detected call of `lr_scheduler.step()` before `optimizer.step()`. "
wandb: updating run metadata
wandb: uploading output.log; uploading wandb-summary.json
wandb: uploading output.log
wandb: 
wandb: Run history:
wandb:          lr/day â–…â–ˆâ–ˆâ–ˆâ–ˆâ–ˆâ–ˆâ–ˆâ–ˆâ–ˆâ–ˆâ–ˆâ–ˆâ–ˆâ–ˆâ–‡â–‡â–‡â–‡â–‡â–†â–†â–†â–†â–†â–…â–„â–„â–„â–ƒâ–‚â–‚â–‚â–‚â–â–â–â–â–â–
wandb:         lr/main â–„â–†â–ˆâ–ˆâ–ˆâ–ˆâ–‡â–‡â–‡â–‡â–‡â–†â–†â–†â–…â–…â–…â–„â–ƒâ–ƒâ–ƒâ–ƒâ–ƒâ–ƒâ–‚â–‚â–‚â–‚â–‚â–‚â–‚â–â–â–â–â–â–â–â–â–
wandb: train/grad_norm â–ˆâ–‡â–„â–„â–ƒâ–ƒâ–ƒâ–„â–ƒâ–ƒâ–ƒâ–ƒâ–ƒâ–ƒâ–…â–ƒâ–‚â–ƒâ–ƒâ–„â–ƒâ–„â–‚â–ƒâ–‚â–‚â–ƒâ–â–â–ƒâ–„â–‚â–‚â–ƒâ–‚â–‚â–ƒâ–‚â–ƒâ–ƒ
wandb:      train/loss â–ˆâ–â–â–â–â–â–â–â–â–â–â–â–â–â–â–â–â–â–â–â–â–â–â–â–â–â–â–â–â–â–â–â–â–â–â–â–â–â–â–
wandb:         val/PER â–ˆâ–ƒâ–‚â–‚â–‚â–‚â–‚â–‚â–‚â–‚â–â–â–â–â–â–â–â–â–â–â–â–â–â–â–â–â–â–â–â–â–â–â–â–â–â–â–â–â–â–
wandb:         val/WER â–ˆâ–‡â–†â–…â–„â–„â–„â–„â–ƒâ–ƒâ–ƒâ–ƒâ–‚â–‚â–‚â–‚â–‚â–‚â–‚â–â–‚â–â–â–â–â–â–â–â–â–â–â–â–â–â–â–â–â–â–â–
wandb:        val/loss â–ˆâ–â–â–â–â–â–â–â–â–â–â–â–â–â–â–â–â–â–â–â–â–â–â–â–â–â–â–â–â–â–â–â–â–â–â–â–â–â–â–
wandb: 
wandb: Run summary:
wandb:          lr/day 0.00013
wandb:         lr/main 0.00013
wandb: train/grad_norm 47.72025
wandb:      train/loss 7.59729
wandb:         val/PER 0.14498
wandb:         val/WER 45.17766
wandb:        val/loss 15.01498
wandb: 
wandb: ðŸš€ View run wd1e-5 at: https://wandb.ai/sergiolsantamaria-tu-wien/brain2text/runs/95dmg9br
wandb: â­ï¸ View project at: https://wandb.ai/sergiolsantamaria-tu-wien/brain2text
wandb: Synced 5 W&B file(s), 0 media file(s), 0 artifact file(s) and 0 other file(s)
wandb: Find logs at: /tmp/e12511253_b2t_348736/wandb/wandb/run-20260104_133614-95dmg9br/logs
/home/e12511253/miniforge3/envs/brain2text/lib/python3.9/site-packages/torch/utils/cpp_extension.py:25: UserWarning: pkg_resources is deprecated as an API. See https://setuptools.pypa.io/en/latest/pkg_resources.html. The pkg_resources package is slated for removal as early as 2025-11-30. Refrain from using this package or pin to Setuptools<81.
  from pkg_resources import packaging  # type: ignore[attr-defined]
wandb: Currently logged in as: sergiolsantamaria (sergiolsantamaria-tu-wien) to https://api.wandb.ai. Use `wandb login --relogin` to force relogin
wandb: setting up run 7hex3kdj
wandb: Tracking run with wandb version 0.23.1
wandb: Run data is saved locally in /tmp/e12511253_b2t_348736/wandb/wandb/run-20260104_141430-7hex3kdj
wandb: Run `wandb offline` to turn off syncing.
wandb: Syncing run wd3e-4
wandb: â­ï¸ View project at https://wandb.ai/sergiolsantamaria-tu-wien/brain2text
wandb: ðŸš€ View run at https://wandb.ai/sergiolsantamaria-tu-wien/brain2text/runs/7hex3kdj
WARNING: Logging before InitGoogleLogging() is written to STDERR
I0104 14:14:31.288681 1525289 brain_speech_decoder.h:52] Reading fst /home/e12511253/Brain2Text/brain2text/references/nejm-brain-to-text/language_model/pretrained_language_models/openwebtext_1gram_lm_sil/TLG.fst
I0104 14:14:31.324056 1525289 brain_speech_decoder.h:58] Reading lm fst /home/e12511253/Brain2Text/brain2text/references/nejm-brain-to-text/language_model/pretrained_language_models/openwebtext_1gram_lm_sil/TLG.fst
I0104 14:14:31.387198 1525289 brain_speech_decoder.h:81] Reading symbol table /home/e12511253/Brain2Text/brain2text/references/nejm-brain-to-text/language_model/pretrained_language_models/openwebtext_1gram_lm_sil/words.txt
/home/e12511253/miniforge3/envs/brain2text/lib/python3.9/site-packages/torch/optim/lr_scheduler.py:138: UserWarning: Detected call of `lr_scheduler.step()` before `optimizer.step()`. In PyTorch 1.1.0 and later, you should call them in the opposite order: `optimizer.step()` before `lr_scheduler.step()`.  Failure to do this will result in PyTorch skipping the first value of the learning rate schedule. See more details at https://pytorch.org/docs/stable/optim.html#how-to-adjust-learning-rate
  warnings.warn("Detected call of `lr_scheduler.step()` before `optimizer.step()`. "
wandb: updating run metadata
wandb: uploading output.log; uploading wandb-summary.json; uploading config.yaml
wandb: uploading output.log; uploading config.yaml
wandb: 
wandb: Run history:
wandb:          lr/day â–ˆâ–ˆâ–ˆâ–ˆâ–ˆâ–ˆâ–‡â–‡â–‡â–‡â–‡â–†â–†â–†â–†â–…â–…â–…â–„â–„â–„â–„â–„â–ƒâ–ƒâ–ƒâ–ƒâ–‚â–‚â–‚â–‚â–‚â–‚â–‚â–‚â–â–â–â–â–
wandb:         lr/main â–†â–ˆâ–ˆâ–ˆâ–ˆâ–ˆâ–ˆâ–ˆâ–‡â–‡â–†â–†â–†â–†â–…â–…â–…â–…â–„â–„â–„â–„â–„â–„â–„â–ƒâ–‚â–‚â–‚â–‚â–‚â–â–â–â–â–â–â–â–â–
wandb: train/grad_norm â–…â–„â–…â–ƒâ–„â–â–„â–‚â–ƒâ–„â–„â–…â–ƒâ–ƒâ–ˆâ–ƒâ–ƒâ–‚â–‚â–ƒâ–‚â–‚â–ƒâ–‚â–ƒâ–ƒâ–‚â–‚â–‚â–‚â–‚â–ƒâ–‚â–‚â–â–â–ƒâ–â–‚â–
wandb:      train/loss â–ˆâ–„â–‚â–‚â–‚â–â–‚â–â–â–â–â–â–â–â–â–â–â–â–â–â–â–â–â–â–â–â–â–â–â–â–â–â–â–â–â–â–â–â–â–
wandb:         val/PER â–ˆâ–ƒâ–‚â–‚â–‚â–‚â–‚â–‚â–‚â–‚â–â–â–â–â–â–â–â–â–â–â–â–â–â–â–â–â–â–â–â–â–â–â–â–â–â–â–â–â–â–
wandb:         val/WER â–ˆâ–‡â–†â–…â–„â–„â–„â–„â–ƒâ–ƒâ–ƒâ–ƒâ–ƒâ–‚â–‚â–‚â–‚â–‚â–‚â–‚â–‚â–â–â–‚â–‚â–â–â–â–â–â–â–â–â–â–â–â–â–â–â–
wandb:        val/loss â–ˆâ–â–â–â–â–â–â–â–â–â–â–â–â–â–â–â–â–â–â–â–â–â–â–â–â–â–â–â–â–â–â–â–â–â–â–â–â–â–â–
wandb: 
wandb: Run summary:
wandb:          lr/day 0.00013
wandb:         lr/main 0.00013
wandb: train/grad_norm 45.7593
wandb:      train/loss 7.65002
wandb:         val/PER 0.14573
wandb:         val/WER 45.43147
wandb:        val/loss 14.98926
wandb: 
wandb: ðŸš€ View run wd3e-4 at: https://wandb.ai/sergiolsantamaria-tu-wien/brain2text/runs/7hex3kdj
wandb: â­ï¸ View project at: https://wandb.ai/sergiolsantamaria-tu-wien/brain2text
wandb: Synced 5 W&B file(s), 0 media file(s), 0 artifact file(s) and 0 other file(s)
wandb: Find logs at: /tmp/e12511253_b2t_348736/wandb/wandb/run-20260104_141430-7hex3kdj/logs
