CONDA_PREFIX=/home/e12511253/miniforge3/envs/brain2text
TORCH_LIB=/home/e12511253/miniforge3/envs/brain2text/lib/python3.9/site-packages/torch/lib
FST_SO=/home/e12511253/Brain2Text/brain2text/references/nejm-brain-to-text/language_model/runtime/server/x86/fc_base/openfst-build/src/lib/.libs/libfst.so.8.0.0
LD_LIBRARY_PATH=/tmp/lm_runtime_libs:/home/e12511253/Brain2Text/brain2text/references/nejm-brain-to-text/language_model/runtime/server/x86/fc_base/openfst-build/src/lib/.libs:/home/e12511253/miniforge3/envs/brain2text/lib:/home/e12511253/miniforge3/envs/brain2text/lib/python3.9/site-packages/torch/lib:
lrwxrwxrwx 1 e12511253 e12511253 153 Jan  2 22:46 /tmp/lm_runtime_libs/libfst.so.8 -> /home/e12511253/Brain2Text/brain2text/references/nejm-brain-to-text/language_model/runtime/server/x86/fc_base/openfst-build/src/lib/.libs/libfst.so.8.0.0
lm_decoder import: OK
==============================================
Job: b2t_exp  ID: 347941
Base: configs/rnn_args.yaml
Global override: configs/overrides/wer_1gram_only.yaml
Folders: configs/experiments/gru/lr_stepdrop/lr40
Host: a-l40s-o-1
CUDA_VISIBLE_DEVICES=0
TMPDIR=/tmp
WANDB_DIR=/tmp/wandb
==============================================

========== FOLDER: configs/experiments/gru/lr_stepdrop/lr40 ==========
Num configs: 6

=== RUN base.yaml ===
2026-01-02 22:46:53,278: Using device: cuda:0
