/home/e12511253/miniforge3/envs/brain2text/lib/python3.9/site-packages/torch/utils/cpp_extension.py:25: UserWarning: pkg_resources is deprecated as an API. See https://setuptools.pypa.io/en/latest/pkg_resources.html. The pkg_resources package is slated for removal as early as 2025-11-30. Refrain from using this package or pin to Setuptools<81.
  from pkg_resources import packaging  # type: ignore[attr-defined]
wandb: Currently logged in as: sergiolsantamaria (sergiolsantamaria-tu-wien) to https://api.wandb.ai. Use `wandb login --relogin` to force relogin
wandb: setting up run dvoo6dx8
wandb: Tracking run with wandb version 0.23.1
wandb: Run data is saved locally in /tmp/e12511253_b2t_348248/wandb/wandb/run-20260103_215808-dvoo6dx8
wandb: Run `wandb offline` to turn off syncing.
wandb: Syncing run base
wandb: â­ï¸ View project at https://wandb.ai/sergiolsantamaria-tu-wien/brain2text
wandb: ðŸš€ View run at https://wandb.ai/sergiolsantamaria-tu-wien/brain2text/runs/dvoo6dx8
WARNING: Logging before InitGoogleLogging() is written to STDERR
I0103 21:58:09.783210 1355097 brain_speech_decoder.h:52] Reading fst /home/e12511253/Brain2Text/brain2text/references/nejm-brain-to-text/language_model/pretrained_language_models/openwebtext_1gram_lm_sil/TLG.fst
I0103 21:58:09.819144 1355097 brain_speech_decoder.h:58] Reading lm fst /home/e12511253/Brain2Text/brain2text/references/nejm-brain-to-text/language_model/pretrained_language_models/openwebtext_1gram_lm_sil/TLG.fst
I0103 21:58:09.882970 1355097 brain_speech_decoder.h:81] Reading symbol table /home/e12511253/Brain2Text/brain2text/references/nejm-brain-to-text/language_model/pretrained_language_models/openwebtext_1gram_lm_sil/words.txt
/home/e12511253/miniforge3/envs/brain2text/lib/python3.9/site-packages/torch/optim/lr_scheduler.py:138: UserWarning: Detected call of `lr_scheduler.step()` before `optimizer.step()`. In PyTorch 1.1.0 and later, you should call them in the opposite order: `optimizer.step()` before `lr_scheduler.step()`.  Failure to do this will result in PyTorch skipping the first value of the learning rate schedule. See more details at https://pytorch.org/docs/stable/optim.html#how-to-adjust-learning-rate
  warnings.warn("Detected call of `lr_scheduler.step()` before `optimizer.step()`. "
Traceback (most recent call last):
  File "<stdin>", line 19, in <module>
  File "/home/e12511253/miniforge3/envs/brain2text/lib/python3.9/runpy.py", line 228, in run_module
    return _run_code(code, {}, init_globals, run_name, mod_spec)
  File "/home/e12511253/miniforge3/envs/brain2text/lib/python3.9/runpy.py", line 87, in _run_code
    exec(code, run_globals)
  File "/home/e12511253/Brain2Text/brain2text/src/brain2text/model_training/train_model.py", line 98, in <module>
    main()
  File "/home/e12511253/Brain2Text/brain2text/src/brain2text/model_training/train_model.py", line 91, in main
    trainer.train()
  File "/home/e12511253/Brain2Text/brain2text/src/brain2text/model_training/rnn_trainer.py", line 1057, in train
  File "/home/e12511253/Brain2Text/brain2text/src/brain2text/model_training/rnn_trainer.py", line 717, in save_model_checkpoint
    save_dir = os.path.dirname(os.path.realpath(save_path))
  File "/home/e12511253/miniforge3/envs/brain2text/lib/python3.9/os.py", line 215, in makedirs
    makedirs(head, exist_ok=exist_ok)
  File "/home/e12511253/miniforge3/envs/brain2text/lib/python3.9/os.py", line 215, in makedirs
    makedirs(head, exist_ok=exist_ok)
  File "/home/e12511253/miniforge3/envs/brain2text/lib/python3.9/os.py", line 215, in makedirs
    makedirs(head, exist_ok=exist_ok)
  File "/home/e12511253/miniforge3/envs/brain2text/lib/python3.9/os.py", line 225, in makedirs
    mkdir(name, mode)
FileNotFoundError: [Errno 2] No such file or directory: 'trained_models/rnn_dropout'
