/home/e12511253/miniforge3/envs/brain2text/lib/python3.9/site-packages/torch/utils/cpp_extension.py:25: UserWarning: pkg_resources is deprecated as an API. See https://setuptools.pypa.io/en/latest/pkg_resources.html. The pkg_resources package is slated for removal as early as 2025-11-30. Refrain from using this package or pin to Setuptools<81.
  from pkg_resources import packaging  # type: ignore[attr-defined]
/home/e12511253/miniforge3/envs/brain2text/lib/python3.9/site-packages/torch/cuda/__init__.py:88: UserWarning: CUDA initialization: CUDA driver initialization failed, you might not have a CUDA gpu. (Triggered internally at ../c10/cuda/CUDAFunctions.cpp:109.)
  return torch._C._cuda_getDeviceCount() > 0
No CUDA runtime is found, using CUDA_HOME='/home/e12511253/miniforge3/envs/brain2text'
wandb: Currently logged in as: sergiolsantamaria (sergiolsantamaria-tu-wien) to https://api.wandb.ai. Use `wandb login --relogin` to force relogin
wandb: setting up run 28qdpfrf
wandb: Tracking run with wandb version 0.23.1
wandb: Run data is saved locally in /tmp/e12511253_b2t_349611/wandb/wandb/run-20260106_131120-28qdpfrf
wandb: Run `wandb offline` to turn off syncing.
wandb: Syncing run headless_baseline
wandb: ⭐️ View project at https://wandb.ai/sergiolsantamaria-tu-wien/brain2text
wandb: 🚀 View run at https://wandb.ai/sergiolsantamaria-tu-wien/brain2text/runs/28qdpfrf
WARNING: Logging before InitGoogleLogging() is written to STDERR
I0106 13:11:21.563560 4141437 brain_speech_decoder.h:52] Reading fst /home/e12511253/Brain2Text/brain2text/references/nejm-brain-to-text/language_model/pretrained_language_models/openwebtext_1gram_lm_sil/TLG.fst
I0106 13:11:21.602723 4141437 brain_speech_decoder.h:58] Reading lm fst /home/e12511253/Brain2Text/brain2text/references/nejm-brain-to-text/language_model/pretrained_language_models/openwebtext_1gram_lm_sil/TLG.fst
I0106 13:11:21.666172 4141437 brain_speech_decoder.h:81] Reading symbol table /home/e12511253/Brain2Text/brain2text/references/nejm-brain-to-text/language_model/pretrained_language_models/openwebtext_1gram_lm_sil/words.txt
/home/e12511253/miniforge3/envs/brain2text/lib/python3.9/site-packages/torch/amp/autocast_mode.py:202: UserWarning: User provided device_type of 'cuda', but CUDA is not available. Disabling
  warnings.warn('User provided device_type of \'cuda\', but CUDA is not available. Disabling')
Traceback (most recent call last):
  File "<stdin>", line 19, in <module>
  File "/home/e12511253/miniforge3/envs/brain2text/lib/python3.9/runpy.py", line 228, in run_module
    return _run_code(code, {}, init_globals, run_name, mod_spec)
  File "/home/e12511253/miniforge3/envs/brain2text/lib/python3.9/runpy.py", line 87, in _run_code
    exec(code, run_globals)
  File "/home/e12511253/Brain2Text/brain2text/src/brain2text/model_training/train_model.py", line 98, in <module>
    main()
  File "/home/e12511253/Brain2Text/brain2text/src/brain2text/model_training/train_model.py", line 91, in main
    trainer.train()
  File "/home/e12511253/Brain2Text/brain2text/src/brain2text/model_training/rnn_trainer.py", line 873, in train
    with torch.autocast(device_type = "cuda", enabled = self.args['use_amp'], dtype = torch.bfloat16):
  File "/home/e12511253/miniforge3/envs/brain2text/lib/python3.9/site-packages/torch/amp/autocast_mode.py", line 224, in __init__
    if self.fast_dtype == torch.bfloat16 and not torch.cuda.is_bf16_supported():
  File "/home/e12511253/miniforge3/envs/brain2text/lib/python3.9/site-packages/torch/cuda/__init__.py", line 102, in is_bf16_supported
    return torch.cuda.get_device_properties(torch.cuda.current_device()).major >= 8 and cuda_maj_decide
  File "/home/e12511253/miniforge3/envs/brain2text/lib/python3.9/site-packages/torch/cuda/__init__.py", line 552, in current_device
    _lazy_init()
  File "/home/e12511253/miniforge3/envs/brain2text/lib/python3.9/site-packages/torch/cuda/__init__.py", line 229, in _lazy_init
    torch._C._cuda_init()
RuntimeError: CUDA driver initialization failed, you might not have a CUDA gpu.
