TMPDIR=/tmp
JOB_TMP=/tmp/e12511253_b2t_351038
TORCH_EXTENSIONS_DIR=/tmp/e12511253_b2t_351038/torch_extensions
WANDB_DIR=/tmp/e12511253_b2t_351038/wandb
torch CUDA runtime expects: 11.7
CUDA_HOME=/home/e12511253/miniforge3/envs/brain2text
which nvcc: /home/e12511253/miniforge3/envs/brain2text/bin/nvcc
nvcc: NVIDIA (R) Cuda compiler driver
Copyright (c) 2005-2022 NVIDIA Corporation
Built on Tue_May__3_18:49:52_PDT_2022
Cuda compilation tools, release 11.7, V11.7.64
Build cuda_11.7.r11.7/compiler.31294372_0
nvcc release: 11.7
CONDA_PREFIX=/home/e12511253/miniforge3/envs/brain2text
TORCH_LIB=/home/e12511253/miniforge3/envs/brain2text/lib/python3.9/site-packages/torch/lib
FST_SO=/home/e12511253/Brain2Text/brain2text/references/nejm-brain-to-text/language_model/runtime/server/x86/fc_base/openfst-build/src/lib/.libs/libfst.so.8.0.0
LD_LIBRARY_PATH=/tmp/e12511253_b2t_351038/lm_runtime_libs:/home/e12511253/Brain2Text/brain2text/references/nejm-brain-to-text/language_model/runtime/server/x86/fc_base/openfst-build/src/lib/.libs:/home/e12511253/miniforge3/envs/brain2text/lib:/home/e12511253/miniforge3/envs/brain2text/lib/python3.9/site-packages/torch/lib:/home/e12511253/miniforge3/envs/brain2text/lib64:/home/e12511253/miniforge3/envs/brain2text/lib:
lrwxrwxrwx 1 e12511253 e12511253 153 Jan  8 12:20 /tmp/e12511253_b2t_351038/lm_runtime_libs/libfst.so.8 -> /home/e12511253/Brain2Text/brain2text/references/nejm-brain-to-text/language_model/runtime/server/x86/fc_base/openfst-build/src/lib/.libs/libfst.so.8.0.0
lm_decoder import: OK
CUDART_SO=/home/e12511253/miniforge3/envs/brain2text/lib64/libcudart.so.11.7.60
CUDA_LIB=/home/e12511253/miniforge3/envs/brain2text/lib64
LD_PRELOAD=/home/e12511253/miniforge3/envs/brain2text/lib64/libcudart.so.11.7.60
TORCH_USE_RTLD_GLOBAL=1
OUT_ROOT=/home/e12511253/Brain2Text/brain2text/trained_models
==============================================
Job: b2t  ID: 351038
Base: configs/rnn_args.yaml
Global override 1: configs/overrides/wer_5gram_only.yaml
Folders: configs/experiments/gru/input_dropout/lr40_wd1e-5
Host: a-l40s-o-1
CUDA_VISIBLE_DEVICES=0
==============================================

========== FOLDER: configs/experiments/gru/input_dropout/lr40_wd1e-5 ==========
Num configs: 5

=== RUN base_input_dropout_wd1e-5.yaml ===
JOB_OUT_DIR=/home/e12511253/Brain2Text/brain2text/trained_models/lr40_wd1e-5/base_input_dropout_wd1e-5
